
object
{20}
id
:
2025021019
season
:
20252026
gameType
:
2
limitedScoring
:
false
gameDate
:
"2026-03-10"
venue
{1}
default
:
"Enterprise Center"
venueLocation
{1}
default
:
"St. Louis"
startTimeUTC
:
"2026-03-10T23:30:00Z"
easternUTCOffset
:
"-04:00"
venueUTCOffset
:
"-05:00"
tvBroadcasts
[3]
0
{5}
id
:
385
market
:
"N"
countryCode
:
"US"
network
:
"TNT"
sequenceNumber
:
11
1
{5}
id
:
501
market
:
"N"
countryCode
:
"US"
network
:
"truTV"
sequenceNumber
:
14
2
{5}
id
:
578
market
:
"N"
countryCode
:
"US"
network
:
"HBO MAX"
sequenceNumber
:
19
gameState
:
"OFF"
gameScheduleState
:
"OK"
periodDescriptor
{3}
number
:
4
periodType
:
"OT"
maxRegulationPeriods
:
3
regPeriods
:
3
awayTeam
{9}
id
:
2
commonName
{1}
default
:
"Islanders"
abbrev
:
"NYI"
score
:
4
sog
:
49
logo
:
"https://assets.nhle.com/logos/nhl/svg/NYI_light.svg"
darkLogo
:
"https://assets.nhle.com/logos/nhl/svg/NYI_dark.svg"
placeName
{1}
default
:
"New York"
placeNameWithPreposition
{2}
default
:
"New York"
fr
:
"de New York"
homeTeam
{9}
id
:
19
commonName
{1}
default
:
"Blues"
abbrev
:
"STL"
score
:
3
sog
:
23
logo
:
"https://assets.nhle.com/logos/nhl/svg/STL_light.svg?season=20252026"
darkLogo
:
"https://assets.nhle.com/logos/nhl/svg/STL_dark.svg?season=20252026"
placeName
{1}
default
:
"St. Louis"
placeNameWithPreposition
{2}
default
:
"St. Louis"
fr
:
"de St. Louis"
clock
{4}
timeRemaining
:
"02:49"
secondsRemaining
:
169
running
:
false
inIntermission
:
false
playerByGameStats
{2}
awayTeam
{3}
forwards
[12]
0
{18}
playerId
:
8475170
sweaterNumber
:
10
name
{1}
default
:
"B. Schenn"
position
:
"C"
goals
:
0
assists
:
1
points
:
1
plusMinus
:
0
pim
:
0
hits
:
2
powerPlayGoals
:
0
sog
:
5
faceoffWinningPctg
:
0.7
toi
:
"17:06"
blockedShots
:
0
shifts
:
21
giveaways
:
0
takeaways
:
0
1
{18}
playerId
:
8478445
sweaterNumber
:
13
name
{1}
default
:
"M. Barzal"
position
:
"C"
goals
:
1
assists
:
2
points
:
3
plusMinus
:
1
pim
:
0
hits
:
0
powerPlayGoals
:
0
sog
:
4
faceoffWinningPctg
:
0
toi
:
"21:21"
blockedShots
:
0
shifts
:
26
giveaways
:
0
takeaways
:
0
2
{18}
playerId
:
8477500
sweaterNumber
:
14
name
{1}
default
:
"B. Horvat"
position
:
"C"
goals
:
1
assists
:
0
points
:
1
plusMinus
:
-1
pim
:
0
hits
:
0
powerPlayGoals
:
1
sog
:
9
faceoffWinningPctg
:
0.529412
toi
:
"21:53"
blockedShots
:
0
shifts
:
27
giveaways
:
0
takeaways
:
0
3
{18}
playerId
:
8483553
sweaterNumber
:
16
name
{1}
default
:
"M. Gatcomb"
position
:
"C"
goals
:
0
assists
:
0
points
:
0
plusMinus
:
-1
pim
:
0
hits
:
5
powerPlayGoals
:
0
sog
:
1
faceoffWinningPctg
:
0
toi
:
"09:25"
blockedShots
:
1
shifts
:
13
giveaways
:
0
takeaways
:
0
4
{18}
playerId
:
8475314
sweaterNumber
:
27
name
{1}
default
:
"A. Lee"
position
:
"L"
goals
:
0
assists
:
0
points
:
0
plusMinus
:
1
pim
:
0
hits
:
1
powerPlayGoals
:
0
sog
:
5
faceoffWinningPctg
:
0.333333
toi
:
"16:28"
blockedShots
:
0
shifts
:
21
giveaways
:
1
takeaways
:
0
5
{18}
playerId
:
8476419
sweaterNumber
:
44
name
{1}
default
:
"J. Pageau"
position
:
"C"
goals
:
1
assists
:
0
points
:
1
plusMinus
:
1
pim
:
0
hits
:
6
powerPlayGoals
:
0
sog
:
1
faceoffWinningPctg
:
0.333333
toi
:
"17:55"
blockedShots
:
0
shifts
:
24
giveaways
:
0
takeaways
:
0
6
{18}
playerId
:
8485702
sweaterNumber
:
49
name
{1}
default
:
"M. Shabanov"
position
:
"R"
goals
:
0
assists
:
0
points
:
0
plusMinus
:
-1
pim
:
0
hits
:
0
powerPlayGoals
:
0
sog
:
2
faceoffWinningPctg
:
0
toi
:
"10:07"
blockedShots
:
0
shifts
:
14
giveaways
:
0
takeaways
:
0
7
{18}
playerId
:
8482476
sweaterNumber
:
51
name
{1}
default
:
"E. Heineman"
position
:
"L"
goals
:
0
assists
:
0
points
:
0
plusMinus
:
-1
pim
:
0
hits
:
5
powerPlayGoals
:
0
sog
:
5
faceoffWinningPctg
:
0
toi
:
"16:22"
blockedShots
:
0
shifts
:
22
giveaways
:
1
takeaways
:
0
8
{18}
playerId
:
8475231
sweaterNumber
:
53
name
{1}
default
:
"C. Cizikas"
position
:
"C"
goals
:
0
assists
:
0
points
:
0
plusMinus
:
-1
pim
:
0
hits
:
1
powerPlayGoals
:
0
sog
:
0
faceoffWinningPctg
:
0.5
toi
:
"10:07"
blockedShots
:
1
shifts
:
15
giveaways
:
1
takeaways
:
0
9
{18}
playerId
:
8484221
sweaterNumber
:
64
name
{1}
default
:
"C. Ritchie"
position
:
"C"
goals
:
1
assists
:
1
points
:
2
plusMinus
:
-1
pim
:
0
hits
:
0
powerPlayGoals
:
1
sog
:
3
faceoffWinningPctg
:
0
toi
:
"14:02"
blockedShots
:
1
shifts
:
19
giveaways
:
1
takeaways
:
0
10
{18}
playerId
:
8476292
sweaterNumber
:
81
name
{3}
default
:
"O. Palat"
cs
:
"O. Palát"
sk
:
"O. Palát"
position
:
"L"
goals
:
0
assists
:
0
points
:
0
plusMinus
:
-1
pim
:
0
hits
:
0
powerPlayGoals
:
0
sog
:
2
faceoffWinningPctg
:
0
toi
:
"12:19"
blockedShots
:
3
shifts
:
16
giveaways
:
1
takeaways
:
1
11
{18}
playerId
:
8481601
sweaterNumber
:
92
name
{5}
default
:
"S. Holmstrom"
cs
:
"S. Holmström"
fi
:
"S. Holmström"
sk
:
"S. Holmström"
sv
:
"S. Holmström"
position
:
"R"
goals
:
0
assists
:
0
points
:
0
plusMinus
:
0
pim
:
0
hits
:
1
powerPlayGoals
:
0
sog
:
1
faceoffWinningPctg
:
0
toi
:
"18:41"
blockedShots
:
0
shifts
:
25
giveaways
:
1
takeaways
:
0
defense
[6]
0
{18}
playerId
:
8476917
sweaterNumber
:
3
name
{1}
default
:
"A. Pelech"
position
:
"D"
goals
:
0
assists
:
0
points
:
0
plusMinus
:
0
pim
:
2
hits
:
1
powerPlayGoals
:
0
sog
:
0
faceoffWinningPctg
:
0
toi
:
"21:44"
blockedShots
:
0
shifts
:
32
giveaways
:
0
takeaways
:
1
1
{18}
playerId
:
8477369
sweaterNumber
:
4
name
{1}
default
:
"C. Soucy"
position
:
"D"
goals
:
0
assists
:
0
points
:
0
plusMinus
:
-1
pim
:
0
hits
:
1
powerPlayGoals
:
0
sog
:
3
faceoffWinningPctg
:
0
toi
:
"15:19"
blockedShots
:
0
shifts
:
23
giveaways
:
1
takeaways
:
1
2
{18}
playerId
:
8477506
sweaterNumber
:
6
name
{1}
default
:
"R. Pulock"
position
:
"D"
goals
:
0
assists
:
0
points
:
0
plusMinus
:
-1
pim
:
0
hits
:
1
powerPlayGoals
:
0
sog
:
0
faceoffWinningPctg
:
0
toi
:
"19:10"
blockedShots
:
0
shifts
:
31
giveaways
:
0
takeaways
:
0
3
{18}
playerId
:
8476429
sweaterNumber
:
24
name
{1}
default
:
"S. Mayfield"
position
:
"D"
goals
:
0
assists
:
0
points
:
0
plusMinus
:
-1
pim
:
0
hits
:
0
powerPlayGoals
:
0
sog
:
0
faceoffWinningPctg
:
0
toi
:
"13:53"
blockedShots
:
1
shifts
:
23
giveaways
:
3
takeaways
:
1
4
{18}
playerId
:
8485366
sweaterNumber
:
48
name
{1}
default
:
"M. Schaefer"
position
:
"D"
goals
:
0
assists
:
1
points
:
1
plusMinus
:
1
pim
:
0
hits
:
1
powerPlayGoals
:
0
sog
:
6
faceoffWinningPctg
:
0
toi
:
"27:21"
blockedShots
:
1
shifts
:
33
giveaways
:
2
takeaways
:
0
5
{18}
playerId
:
8477950
sweaterNumber
:
77
name
{1}
default
:
"T. DeAngelo"
position
:
"D"
goals
:
0
assists
:
1
points
:
1
plusMinus
:
-1
pim
:
0
hits
:
0
powerPlayGoals
:
0
sog
:
2
faceoffWinningPctg
:
0
toi
:
"19:41"
blockedShots
:
4
shifts
:
27
giveaways
:
0
takeaways
:
0
goalies
[2]
0
{19}
playerId
:
8478009
sweaterNumber
:
30
name
{1}
default
:
"I. Sorokin"
position
:
"G"
evenStrengthShotsAgainst
:
"16/19"
powerPlayShotsAgainst
:
"4/4"
shorthandedShotsAgainst
:
"0/0"
saveShotsAgainst
:
"20/23"
savePctg
:
0.869565
evenStrengthGoalsAgainst
:
3
powerPlayGoalsAgainst
:
0
shorthandedGoalsAgainst
:
0
pim
:
0
goalsAgainst
:
3
toi
:
"61:50"
starter
:
true
decision
:
"W"
shotsAgainst
:
23
saves
:
20
1
{17}
playerId
:
8479496
sweaterNumber
:
33
name
{1}
default
:
"D. Rittich"
position
:
"G"
evenStrengthShotsAgainst
:
"0/0"
powerPlayShotsAgainst
:
"0/0"
shorthandedShotsAgainst
:
"0/0"
saveShotsAgainst
:
"0/0"
evenStrengthGoalsAgainst
:
0
powerPlayGoalsAgainst
:
0
shorthandedGoalsAgainst
:
0
pim
:
0
goalsAgainst
:
0
toi
:
"00:00"
starter
:
false
shotsAgainst
:
0
saves
:
0
homeTeam
{3}
forwards
[12]
0
{18}
playerId
:
8480281
sweaterNumber
:
13
name
{4}
default
:
"A. Toropchenko"
cs
:
"A. Toropčenko"
fi
:
"A. Toroptshenko"
sk
:
"A. Toropčenko"
position
:
"R"
goals
:
0
assists
:
0
points
:
0
plusMinus
:
0
pim
:
0
hits
:
2
powerPlayGoals
:
0
sog
:
0
faceoffWinningPctg
:
0
toi
:
"10:32"
blockedShots
:
1
shifts
:
15
giveaways
:
0
takeaways
:
0
1
{18}
playerId
:
8480023
sweaterNumber
:
18
name
{1}
default
:
"R. Thomas"
position
:
"C"
goals
:
0
assists
:
2
points
:
2
plusMinus
:
3
pim
:
0
hits
:
0
powerPlayGoals
:
0
sog
:
1
faceoffWinningPctg
:
0
toi
:
"16:21"
blockedShots
:
1
shifts
:
22
giveaways
:
1
takeaways
:
0
2
{18}
playerId
:
8483516
sweaterNumber
:
21
name
{1}
default
:
"J. Snuggerud"
position
:
"R"
goals
:
1
assists
:
2
points
:
3
plusMinus
:
2
pim
:
2
hits
:
3
powerPlayGoals
:
0
sog
:
8
faceoffWinningPctg
:
0
toi
:
"19:46"
blockedShots
:
0
shifts
:
24
giveaways
:
2
takeaways
:
0
3
{18}
playerId
:
8480459
sweaterNumber
:
22
name
{1}
default
:
"P. Suter"
position
:
"C"
goals
:
0
assists
:
0
points
:
0
plusMinus
:
0
pim
:
0
hits
:
0
powerPlayGoals
:
0
sog
:
3
faceoffWinningPctg
:
0.571429
toi
:
"14:02"
blockedShots
:
0
shifts
:
19
giveaways
:
1
takeaways
:
0
4
{18}
playerId
:
8479385
sweaterNumber
:
25
name
{1}
default
:
"J. Kyrou"
position
:
"R"
goals
:
0
assists
:
0
points
:
0
plusMinus
:
-1
pim
:
2
hits
:
0
powerPlayGoals
:
0
sog
:
2
faceoffWinningPctg
:
1
toi
:
"15:02"
blockedShots
:
0
shifts
:
22
giveaways
:
0
takeaways
:
0
5
{18}
playerId
:
8484230
sweaterNumber
:
28
name
{1}
default
:
"O. Stenberg"
position
:
"C"
goals
:
0
assists
:
0
points
:
0
plusMinus
:
0
pim
:
0
hits
:
2
powerPlayGoals
:
0
sog
:
0
faceoffWinningPctg
:
0
toi
:
"12:59"
blockedShots
:
1
shifts
:
18
giveaways
:
0
takeaways
:
0
6
{18}
playerId
:
8482090
sweaterNumber
:
37
name
{1}
default
:
"J. Finley"
position
:
"C"
goals
:
0
assists
:
0
points
:
0
plusMinus
:
0
pim
:
0
hits
:
3
powerPlayGoals
:
0
sog
:
1
faceoffWinningPctg
:
0.7
toi
:
"10:51"
blockedShots
:
0
shifts
:
19
giveaways
:
0
takeaways
:
0
7
{18}
playerId
:
8484164
sweaterNumber
:
54
name
{1}
default
:
"D. Dvorsky"
position
:
"R"
goals
:
0
assists
:
0
points
:
0
plusMinus
:
-1
pim
:
0
hits
:
0
powerPlayGoals
:
0
sog
:
0
faceoffWinningPctg
:
0.454545
toi
:
"13:27"
blockedShots
:
0
shifts
:
18
giveaways
:
1
takeaways
:
0
8
{18}
playerId
:
8482089
sweaterNumber
:
63
name
{1}
default
:
"J. Neighbours"
position
:
"L"
goals
:
0
assists
:
0
points
:
0
plusMinus
:
0
pim
:
0
hits
:
0
powerPlayGoals
:
0
sog
:
0
faceoffWinningPctg
:
0
toi
:
"13:58"
blockedShots
:
1
shifts
:
20
giveaways
:
0
takeaways
:
1
9
{18}
playerId
:
8482077
sweaterNumber
:
81
name
{1}
default
:
"D. Holloway"
position
:
"L"
goals
:
1
assists
:
0
points
:
1
plusMinus
:
2
pim
:
0
hits
:
2
powerPlayGoals
:
0
sog
:
2
faceoffWinningPctg
:
0.25
toi
:
"20:22"
blockedShots
:
0
shifts
:
24
giveaways
:
1
takeaways
:
2
10
{18}
playerId
:
8477402
sweaterNumber
:
89
name
{4}
default
:
"P. Buchnevich"
cs
:
"P. Bučněvič"
fi
:
"P. Butshnevitsh"
sk
:
"P. Bučněvič"
position
:
"L"
goals
:
0
assists
:
0
points
:
0
plusMinus
:
-1
pim
:
4
hits
:
1
powerPlayGoals
:
0
sog
:
2
faceoffWinningPctg
:
0.428571
toi
:
"19:04"
blockedShots
:
1
shifts
:
25
giveaways
:
0
takeaways
:
0
11
{18}
playerId
:
8477494
sweaterNumber
:
92
name
{1}
default
:
"J. Drouin"
position
:
"L"
goals
:
0
assists
:
0
points
:
0
plusMinus
:
0
pim
:
0
hits
:
1
powerPlayGoals
:
0
sog
:
0
faceoffWinningPctg
:
0.5
toi
:
"15:50"
blockedShots
:
0
shifts
:
21
giveaways
:
1
takeaways
:
0
defense
[6]
0
{18}
playerId
:
8481598
sweaterNumber
:
6
name
{1}
default
:
"P. Broberg"
position
:
"D"
goals
:
1
assists
:
0
points
:
1
plusMinus
:
0
pim
:
0
hits
:
1
powerPlayGoals
:
0
sog
:
3
faceoffWinningPctg
:
0
toi
:
"24:07"
blockedShots
:
2
shifts
:
27
giveaways
:
1
takeaways
:
1
1
{18}
playerId
:
8475764
sweaterNumber
:
17
name
{1}
default
:
"C. Fowler"
position
:
"D"
goals
:
0
assists
:
1
points
:
1
plusMinus
:
1
pim
:
0
hits
:
0
powerPlayGoals
:
0
sog
:
0
faceoffWinningPctg
:
0
toi
:
"20:25"
blockedShots
:
1
shifts
:
26
giveaways
:
0
takeaways
:
0
2
{18}
playerId
:
8482733
sweaterNumber
:
23
name
{1}
default
:
"L. Mailloux"
position
:
"D"
goals
:
0
assists
:
0
points
:
0
plusMinus
:
-1
pim
:
0
hits
:
1
powerPlayGoals
:
0
sog
:
1
faceoffWinningPctg
:
0
toi
:
"23:39"
blockedShots
:
1
shifts
:
27
giveaways
:
0
takeaways
:
0
3
{18}
playerId
:
8484188
sweaterNumber
:
41
name
{1}
default
:
"T. Lindstein"
position
:
"D"
goals
:
0
assists
:
1
points
:
1
plusMinus
:
1
pim
:
0
hits
:
0
powerPlayGoals
:
0
sog
:
0
faceoffWinningPctg
:
0
toi
:
"13:39"
blockedShots
:
0
shifts
:
22
giveaways
:
0
takeaways
:
0
4
{18}
playerId
:
8476892
sweaterNumber
:
55
name
{1}
default
:
"C. Parayko"
position
:
"D"
goals
:
0
assists
:
0
points
:
0
plusMinus
:
1
pim
:
0
hits
:
3
powerPlayGoals
:
0
sog
:
0
faceoffWinningPctg
:
0
toi
:
"21:45"
blockedShots
:
2
shifts
:
29
giveaways
:
3
takeaways
:
0
5
{18}
playerId
:
8481006
sweaterNumber
:
75
name
{1}
default
:
"T. Tucker"
position
:
"D"
goals
:
0
assists
:
0
points
:
0
plusMinus
:
1
pim
:
0
hits
:
2
powerPlayGoals
:
0
sog
:
0
faceoffWinningPctg
:
0
toi
:
"15:11"
blockedShots
:
1
shifts
:
19
giveaways
:
2
takeaways
:
1
goalies
[2]
0
{19}
playerId
:
8480981
sweaterNumber
:
30
name
{1}
default
:
"J. Hofer"
position
:
"G"
evenStrengthShotsAgainst
:
"36/38"
powerPlayShotsAgainst
:
"10/11"
shorthandedShotsAgainst
:
"0/0"
saveShotsAgainst
:
"46/49"
savePctg
:
0.938776
evenStrengthGoalsAgainst
:
2
powerPlayGoalsAgainst
:
2
shorthandedGoalsAgainst
:
0
pim
:
0
goalsAgainst
:
4
toi
:
"61:55"
starter
:
true
decision
:
"O"
shotsAgainst
:
49
saves
:
46
1
{17}
playerId
:
8476412
sweaterNumber
:
50
name
{1}
default
:
"J. Binnington"
position
:
"G"
evenStrengthShotsAgainst
:
"0/0"
powerPlayShotsAgainst
:
"0/0"
shorthandedShotsAgainst
:
"0/0"
saveShotsAgainst
:
"0/0"
evenStrengthGoalsAgainst
:
0
powerPlayGoalsAgainst
:
0
shorthandedGoalsAgainst
:
0
pim
:
0
goalsAgainst
:
0
toi
:
"00:00"
starter
:
false
shotsAgainst
:
0
saves
:
0
gameOutcome
{2}
lastPeriodType
:
"OT"
otPeriods
:
1
